[2025-06-24 20:27:17] [INFO] __main__: database data loaded
[2025-06-24 20:27:17] [INFO] __main__: Подключение и загрузка данных из БД
[2025-06-24 20:27:17] [INFO] data_manager: Загрузка данных из CSV: adult.csv
[2025-06-24 20:27:17] [INFO] data_manager: Загружено 32561 строк из CSV
[2025-06-24 20:27:17] [INFO] __main__: Загружено 32561 записей
[2025-06-24 20:27:17] [INFO] __main__: Итерация генерации №1
[2025-06-24 20:29:09] [INFO] validator: k‑анонимность = 31 (≥10?)
[2025-06-24 20:29:09] [INFO] validator: l‑разнообразие = 10 (≥3?)
[2025-06-24 20:29:09] [INFO] validator: t‑близость = 0.4113 (<0.9?)
[2025-06-24 20:29:09] [INFO] __main__: Все проверки успешно пройдены, сохраняем датасет
[2025-06-24 20:29:10] [INFO] data_manager: Сохранено 26029 строк в таблицу synthetic_data
[2025-06-24 20:29:11] [INFO] validator: 
=== Общая оценка качества синтетики: 89.20% ===
[2025-06-24 20:29:11] [INFO] validator: 
— Column Shapes —
[2025-06-24 20:29:11] [INFO] validator:             Column        Metric     Score
0              age  KSComplement  0.955704
1        workclass  TVComplement  0.959374
2           fnlwgt  KSComplement  0.964476
3        education  TVComplement  0.925476
4    education-num  KSComplement  0.942177
5   marital-status  TVComplement  0.960796
6       occupation  TVComplement  0.892235
7     relationship  TVComplement  0.955710
8             race  TVComplement  0.969456
9              sex  TVComplement  0.978270
10    capital-gain  KSComplement  0.770162
11    capital-loss  KSComplement  0.734956
12  hours-per-week  KSComplement  0.915298
13  native-country  TVComplement  0.892548
14          income  TVComplement  0.941183
15         age_bin  TVComplement  0.970265
16         edu_bin  TVComplement  0.984103
17     marital_bin  TVComplement  0.992528
18        race_bin  TVComplement  1.000000
[2025-06-24 20:29:11] [INFO] validator: 
— Column Pair Trends —
[2025-06-24 20:29:11] [INFO] validator:         Column 1        Column 2                 Metric     Score  Real Correlation  Synthetic Correlation
0            age       workclass  ContingencySimilarity  0.871645               NaN                    NaN
1            age          fnlwgt  CorrelationSimilarity  0.966632         -0.076447              -0.009712
2            age       education  ContingencySimilarity  0.854890               NaN                    NaN
3            age   education-num  CorrelationSimilarity  0.998887          0.036224               0.033998
4            age  marital-status  ContingencySimilarity  0.848705               NaN                    NaN
..           ...             ...                    ...       ...               ...                    ...
166      age_bin     marital_bin  ContingencySimilarity  0.970265               NaN                    NaN
167      age_bin        race_bin  ContingencySimilarity  0.970265               NaN                    NaN
168      edu_bin     marital_bin  ContingencySimilarity  0.949213               NaN                    NaN
169      edu_bin        race_bin  ContingencySimilarity  0.984103               NaN                    NaN
170  marital_bin        race_bin  ContingencySimilarity  0.992528               NaN                    NaN

[171 rows x 6 columns]
[2025-06-24 20:29:11] [INFO] data_manager: Соединение с базой данных закрыто
[2025-06-24 20:29:11] [INFO] __main__: Завершение работы программы
