[2025-04-07 10:15:26] [INFO] __main__: Старт программы
[2025-04-07 10:15:26] [INFO] __main__: Загружено 3 строк из базы
[2025-04-07 10:20:48] [INFO] __main__: Старт программы
[2025-04-07 10:20:48] [INFO] __main__: Загружено 3 строк из базы
[2025-04-07 10:20:48] [INFO] __main__: Выполнена предобработка данных
[2025-04-07 10:20:48] [INFO] __main__: Статистика исходных данных: 
          id column_1  column_2  column_3                     created_at
count   3.0        3       3.0       3.0                              3
unique  NaN        3       NaN       NaN                            NaN
top     NaN    test1       NaN       NaN                            NaN
freq    NaN        1       NaN       NaN                            NaN
mean    2.0      NaN      20.0       1.5  2025-04-05 17:09:15.856753920
min     1.0      NaN      10.0       0.5     2025-04-05 17:09:15.856754
25%     1.5      NaN      15.0       1.0  2025-04-05 17:09:15.856753920
50%     2.0      NaN      20.0       1.5  2025-04-05 17:09:15.856753920
75%     2.5      NaN      25.0       2.0  2025-04-05 17:09:15.856753920
max     3.0      NaN      30.0       2.5     2025-04-05 17:09:15.856754
std     1.0      NaN      10.0       1.0                            NaN
[2025-04-07 10:20:48] [INFO] __main__: Допустимые отклнения: 
 {'column_int': {'percent': 10}, 'column_float': {'percent': 5}, 'column_date': {'days': 3}, 'column_timestamp': {'minutes': 60}}
[2025-04-07 10:20:49] [INFO] __main__: :Работа завершена
